
> my-v0-project@0.1.0 dev
> next dev

   ▲ Next.js 15.2.4
   - Local:        http://localhost:3000
   - Network:      http://192.168.11.201:3000

 ✓ Starting...
 ✓ Ready in 8.9s
 ○ Compiling / ...
 ✓ Compiled / in 6.9s (963 modules)
 GET / 200 in 174ms
 ○ Compiling /pipeline ...
 ✓ Compiled /pipeline in 1854ms (1030 modules)
 GET /pipeline 200 in 2109ms
 GET /pipeline 200 in 88ms
 ○ Compiling /api/uploads ...
 ✓ Compiled /api/uploads in 1846ms (1037 modules)
 POST /api/uploads 200 in 3428ms
 ✓ Compiled in 530ms (473 modules)
 GET /pipeline 200 in 89ms
 ○ Compiling /_error ...
 ✓ Compiled /_error in 1389ms (1353 modules)
 ✓ Compiled in 522ms (722 modules)
 GET /pipeline 200 in 1331ms
 GET /pipeline 200 in 35ms
 GET /pipeline 200 in 19ms
 ○ Compiling /bi ...
 ✓ Compiled /bi in 7s (2626 modules)
 GET /bi 200 in 8733ms
 GET /bi 200 in 1004ms
